********************************************************************************
DUPLICATOR-LITE PACKAGE-LOG: 10 December 2022 9h51
NOTICE: Do NOT post to public sites or forums 
********************************************************************************
VERSION:	1.5.1
WORDPRESS:	6.1.1
PHP INFO:	7.4.26 | SAPI: apache2handler
SERVER:		Apache/2.4.51 (Win64) PHP/7.4.26 
PHP TIME LIMIT: (0) no time limit imposed 
PHP MAX MEMORY: 4294967296 (128M default) 
MEMORY STACK: 2MB

********************************************************************************
DATABASE:
********************************************************************************
BUILD MODE:   PHP(query limit - 100)
MYSQLTIMEOUT: 5000
MYSQLDUMP:    Not Supported
TABLES: total:14 | filtered:0 | create:14
FILTERED: []
SQL CREATED: 20221210_stickflock_faeff6bac433d74a7992_20221210094806_database.sql
SQL FILE SIZE: 5.79MB (6075451)
SQL FILE TIME: 2022-12-10 09:51:03
SQL RUNTIME: 1.91 sec.

********************************************************************************
ARCHIVE (ZIP):
********************************************************************************
ARCHIVE DIR:  D:/wamp64/www/wordpress/stickflock
ARCHIVE FILE: 20221210_stickflock_faeff6bac433d74a7992_20221210094806_archive.zip
FILTERS: *OFF*
DIRS:
	not set
FILES:
	not set
EXTS:  not set
----------------------------------------
COMPRESSING
SIZE:	154.08MB
STATS:	Dirs 1,220 | Files 7,225
SQL ADDED: 20221210_stickflock_faeff6bac433d74a7992_20221210094806_database.sql
ZipArchive Object
(
    [status] => 0
    [statusSys] => 0
    [numFiles] => 8445
    [filename] => D:\wamp64\www\wordpress\stickflock\wp-content\backups-dup-lite\tmp\20221210_stickflock_faeff6bac433d74a7992_20221210094806_archive.zip
    [comment] => 
)

FILE ADDED TO ZIP: 8444
COMPRESSION RESULT: '1'
COMPRESSED SIZE: 67.1MB
ARCHIVE RUNTIME: 14.74 sec.
MEMORY STACK: 6MB
building installer
ARCHIVE CONSISTENCY TEST: PASS

********************************************************************************
INTEGRITY CHECKS:
********************************************************************************
SQL FILE: 5.79MB
INSTALLER FILE: 73.35KB
ARCHIVE FILE: 69MB 
COMPTE ATTENDU DE FICHIERS/RÉPERTOIRES : 8,445
COMPTE ACTUEL DE FICHIERS/RÉPERTOIRES : 8,444
TEST DE COHÉRENCE D’ARCHIVE : Bon

********************************************************************************
RECORD ID:[1]
TOTAL PROCESS RUNTIME: 18.49 sec.
PEAK PHP MEMORY USED: 6MB
DONE PROCESSING => 20221210_stickflock 10 December 2022 9h51

